panic(cpu 4 caller 0xfffffff027debec4): CS_KILLED initproc exited -- exit reason namespace 3 subcode 0x2 description: none
Debugger message: panic
Device: D221
Hardware Model: iPhone10,6
ECID: 000E421A01C0002E
Boot args: keepsyms=1 debug=0x14e kextlog=0xffff serial=0x3
Memory ID: 0x1
OS release type: User
OS version: 19H117
Kernel version: Darwin Kernel Version 21.6.0: Thu Sep 29 22:46:29 PDT 2022; root:xnu-8020.241.8~1/RELEASE_ARM64_T8015
Kernel UUID: E5732DE2-EE84-381F-8926-A5C85F466AA0
iBoot version: iBoot-7459.140.15
secure boot?: NO
Paniclog version: 13
Kernel slide:      0x000000001fbd8000
Kernel text base:  0xfffffff026bdc000
mach_absolute_time: 0x4da9bf8ed
Epoch Time:        sec       usec
  Boot    : 0x63a3269e 0x000b8336
  Sleep   : 0x00000000 0x00000000
  Wake    : 0x00000000 0x00000000
  Calendar: 0x63a329e6 0x000191ef

Zone info:
  Zone map: 0xffffffe6f7abc000 - 0xffffffecf7abc000
  . VM    : 0xffffffe6f7abc000 - 0xffffffe7de120000
  . RO    : 0xffffffe7de120000 - 0xffffffe82adec000
  . GEN0  : 0xffffffe82adec000 - 0xffffffe911450000
  . GEN1  : 0xffffffe911450000 - 0xffffffe9f7ab4000
  . GEN2  : 0xffffffe9f7ab4000 - 0xffffffeade11c000
  . GEN3  : 0xffffffeade11c000 - 0xffffffebc4784000
  . DATA  : 0xffffffebc4784000 - 0xffffffecf7abc000
  Metadata: 0xffffffecf7acc000 - 0xffffffecf92cc000
  Bitmaps : 0xffffffecf92cc000 - 0xffffffecfa2bc000

CORE 0: PC=0xfffffff02775c8d4, LR=0xfffffff02775c8d4, FP=0xffffffee7f1bbf00
CORE 1: PC=0xfffffff02775c8d4, LR=0xfffffff02775c8d4, FP=0xffffffeffff5bf00
CORE 2: PC=0xfffffff02775c8d4, LR=0xfffffff02775c8d4, FP=0xffffffee7eea3f00
CORE 3: PC=0xfffffff02775c8d4, LR=0xfffffff02775c8d4, FP=0xffffffee7ed13f00
CORE 4 is the one that panicked. Check the full backtrace for details.
CORE 5: PC=0xfffffff0278689d4, LR=0xfffffff0278689d0, FP=0xffffffecfe9c3e90
Compressor Info: 8% of compressed pages limit (OK) and 2% of segments limit (OK) with 1 swapfiles and OK swap space
Panicked task 0xffffffebc46fd2d8: 850 pages, 4 threads: pid 1: launchd
Panicked thread: 0xffffffe90e164000, backtrace: 0xffffffecfe8b34e0, tid: 11667
		  lr: 0xfffffff02772d9b0  fp: 0xffffffecfe8b3520
		  lr: 0xfffffff02772d738  fp: 0xffffffecfe8b3590
		  lr: 0xfffffff027866244  fp: 0xffffffecfe8b3600
		  lr: 0xfffffff02786523c  fp: 0xffffffecfe8b36b0
		  lr: 0xfffffff027dd55fc  fp: 0xffffffecfe8b36c0
		  lr: 0xfffffff02772d460  fp: 0xffffffecfe8b3a50
		  lr: 0xfffffff02772d460  fp: 0xffffffecfe8b3ab0
		  lr: 0xfffffff02912f544  fp: 0xffffffecfe8b3ad0
		  lr: 0xfffffff027debec4  fp: 0xffffffecfe8b3b30
		  lr: 0xfffffff027b6cc44  fp: 0xffffffecfe8b3c00
		  lr: 0xfffffff027b6c4c0  fp: 0xffffffecfe8b3c70
		  lr: 0xfffffff027b897fc  fp: 0xffffffecfe8b3cd0
		  lr: 0xfffffff027b89ac4  fp: 0xffffffecfe8b3d10
		  lr: 0xfffffff0277222d4  fp: 0xffffffecfe8b3d40
		  lr: 0xfffffff027dd5a3c  fp: 0xffffffecfe8b3d50
		  lr: 0xfffffff0278650c8  fp: 0xffffffecfe8b3d70
		  lr: 0xfffffff02772f6d8  fp: 0xffffffecfe8b3dd0
		  lr: 0xfffffff027865fd4  fp: 0xffffffecfe8b3e60
		  lr: 0xfffffff027865304  fp: 0xffffffecfe8b3f10
		  lr: 0xfffffff027dd55fc  fp: 0xffffffecfe8b3f20


** Stackshot Succeeded ** Bytes Traced 158844 (Uncompressed 415200) **
IOPlatformPanicAction -> AppleANS2NVMeController
IOPlatformPanicAction -> AppleT8015PMGR
IOPlatformPanicAction -> AppleARMWatchdogTimer
IOPlatformPanicAction -> AppleNubSynopsysOTG3Device
IOPlatformPanicAction -> AppleSynopsysMIPIDSIController
IOPlatformPanicAction -> AppleT8015MemCacheController
IOPlatformPanicAction -> RTBuddyV2
IOPlatformPanicAction -> RTBuddyV2
IOPlatformPanicAction -> RTBuddyV2
IOPlatformPanicAction -> RTBuddyV2
IOPlatformPanicAction -> AppleSMC
IOPlatformPanicAction -> RTBuddyV2
IOPlatformPanicAction -> AppleANS2NVMeController
IOPlatformPanicAction -> AppleT8015PMGR
IOPlatformPanicAction -> AppleARMWatchdogTimer
IOPlatformPanicAction -> AppleNubSynopsysOTG3Device
IOPlatformPanicAction -> AppleSynopsysMIPIDSIController
IOPlatformPanicAction -> AppleT8015MemCacheController
IOPlatformPanicAction -> RTBuddyV2
IOPlatformPanicAction -> RTBuddyV2
IOPlatformPanicAction -> RTBuddyV2
IOPlatformPanicAction -> RTBuddyV2
IOPlatformPanicAction -> AppleSMC
IOPlatformPanicAction -> RTBuddyV2
